<?xml version="1.0" encoding="UTF-8"?>
<!-- Generated by org.testng.reporters.JUnitReportReporter -->
<testsuite hostname="DESKTOP-3SEDOPR" failures="0" tests="1" name="Tests.Test1" time="124.002" errors="0" timestamp="2024-12-11T12:50:18 IST" skipped="0">
  <testcase classname="Tests.Test1" name="a" time="124.002"/>
</testsuite> <!-- Tests.Test1 -->
