<?xml version="1.0" encoding="UTF-8"?>
<!-- Generated by org.testng.reporters.JUnitReportReporter -->
<testsuite hostname="DESKTOP-3SEDOPR" failures="0" tests="1" name="Tests.Test1" time="40.990" errors="0" timestamp="2024-12-06T10:42:04 IST" skipped="0">
  <testcase classname="Tests.Test1" name="a" time="40.990"/>
</testsuite> <!-- Tests.Test1 -->
